<?xml version="1.0" encoding="UTF-8"?>
<testsuite xmlns:xsi="http://www.w3.org/2001/XMLSchema-instance" xsi:noNamespaceSchemaLocation="https://maven.apache.org/surefire/maven-surefire-plugin/xsd/surefire-test-report.xsd" name="fr.af.offerpoc.service.OfferMappingUserTest" time="30.916" tests="2" errors="0" skipped="0" failures="0">
  <properties>
[...]
</properties>
  <testcase name="mappingUserDTO" classname="fr.af.offerpoc.service.OfferMappingUserTest" time="0.153"/>
  <testcase name="mappingUserForm" classname="fr.af.offerpoc.service.OfferMappingUserTest" time="0.005"/>
</testsuite>